Arguments: 
  /usr/bin/node /usr/bin/yarn create-react-app poca --template typescript

PATH: 
  /home/tofil/.local/bin:/usr/local/sbin:/usr/local/bin:/usr/sbin:/usr/bin:/sbin:/bin:/usr/games:/usr/local/games:/snap/bin:/snap/bin:ProjetSDL/bin:/usr/local/Jena/apache-jena-4.6.1/bin

Yarn version: 
  1.22.19

Node version: 
  19.4.0

Platform: 
  linux x64

Trace: 
  SyntaxError: /home/tofil/Desktop/POCA/poca/package.json: Expected double-quoted property name in JSON at position 162
      at JSON.parse (<anonymous>)
      at /usr/lib/node_modules/yarn/lib/cli.js:1629:59
      at Generator.next (<anonymous>)
      at step (/usr/lib/node_modules/yarn/lib/cli.js:310:30)
      at /usr/lib/node_modules/yarn/lib/cli.js:321:13

npm manifest: 
  {
    "name": "poca",
    "version": "0.0.1",
    "description": "Project for POCA 2023",
    "main": "index.js",
    "license": "MIT",
    "author": "XXX, YYY, ZZZ etc...",
  }

yarn manifest: 
  No manifest

Lockfile: 
  # THIS IS AN AUTOGENERATED FILE. DO NOT EDIT THIS FILE DIRECTLY.
  # yarn lockfile v1
